0 info it worked if it ends with ok
1 verbose cli [ 'node', '/usr/local/bin/npm', 'install', '-g', 'i5ting_toc' ]
2 info using npm@1.4.28
3 info using node@v0.10.33
4 verbose cache add [ 'i5ting_toc', null ]
5 verbose cache add name=undefined spec="i5ting_toc" args=["i5ting_toc",null]
6 verbose parsed url { protocol: null,
6 verbose parsed url   slashes: null,
6 verbose parsed url   auth: null,
6 verbose parsed url   host: null,
6 verbose parsed url   port: null,
6 verbose parsed url   hostname: null,
6 verbose parsed url   hash: null,
6 verbose parsed url   search: null,
6 verbose parsed url   query: null,
6 verbose parsed url   pathname: 'i5ting_toc',
6 verbose parsed url   path: 'i5ting_toc',
6 verbose parsed url   href: 'i5ting_toc' }
7 silly lockFile 9ee436b2-i5ting-toc i5ting_toc
8 verbose lock i5ting_toc /Users/lm/.npm/9ee436b2-i5ting-toc.lock
9 silly lockFile 9ee436b2-i5ting-toc i5ting_toc
10 silly lockFile 9ee436b2-i5ting-toc i5ting_toc
11 verbose addNamed [ 'i5ting_toc', '' ]
12 verbose addNamed [ null, '*' ]
13 silly lockFile 8a36a20c-i5ting-toc i5ting_toc@
14 verbose lock i5ting_toc@ /Users/lm/.npm/8a36a20c-i5ting-toc.lock
15 silly addNameRange { name: 'i5ting_toc', range: '*', hasData: false }
16 verbose request where is /i5ting_toc
17 verbose request registry https://registry.npmjs.org/
18 verbose request id 26c5b876ec1bed3a
19 verbose url raw /i5ting_toc
20 verbose url resolving [ 'https://registry.npmjs.org/', './i5ting_toc' ]
21 verbose url resolved https://registry.npmjs.org/i5ting_toc
22 verbose request where is https://registry.npmjs.org/i5ting_toc
23 info trying registry request attempt 1 at 16:57:17
24 http GET https://registry.npmjs.org/i5ting_toc
25 http 200 https://registry.npmjs.org/i5ting_toc
26 silly registry.get cb [ 200,
26 silly registry.get   { date: 'Fri, 30 Jan 2015 08:57:20 GMT',
26 silly registry.get     server: 'CouchDB/1.5.0 (Erlang OTP/R16B03)',
26 silly registry.get     etag: '"7HJC33GMEPDEVBL169XTMKVVS"',
26 silly registry.get     'content-type': 'application/json',
26 silly registry.get     'cache-control': 'max-age=60',
26 silly registry.get     'content-length': '16636',
26 silly registry.get     'accept-ranges': 'bytes',
26 silly registry.get     via: '1.1 varnish',
26 silly registry.get     age: '0',
26 silly registry.get     'x-served-by': 'cache-ty68-TYO',
26 silly registry.get     'x-cache': 'MISS',
26 silly registry.get     'x-cache-hits': '0',
26 silly registry.get     'x-timer': 'S1422608239.930062,VS0,VE124',
26 silly registry.get     vary: 'Accept',
26 silly registry.get     'keep-alive': 'timeout=10, max=50',
26 silly registry.get     connection: 'Keep-Alive' } ]
27 silly addNameRange number 2 { name: 'i5ting_toc', range: '*', hasData: true }
28 silly addNameRange versions [ 'i5ting_toc',
28 silly addNameRange   [ '1.0.1',
28 silly addNameRange     '1.0.2',
28 silly addNameRange     '1.0.3',
28 silly addNameRange     '1.0.4',
28 silly addNameRange     '1.0.5',
28 silly addNameRange     '1.0.6',
28 silly addNameRange     '1.0.7',
28 silly addNameRange     '1.1.0',
28 silly addNameRange     '1.1.1' ] ]
29 verbose addNamed [ 'i5ting_toc', '1.1.1' ]
30 verbose addNamed [ '1.1.1', '1.1.1' ]
31 silly lockFile d27a0c31-i5ting-toc-1-1-1 i5ting_toc@1.1.1
32 verbose lock i5ting_toc@1.1.1 /Users/lm/.npm/d27a0c31-i5ting-toc-1-1-1.lock
33 silly lockFile 54b716c1--i5ting-toc-i5ting-toc-1-1-1-tgz https://registry.npmjs.org/i5ting_toc/-/i5ting_toc-1.1.1.tgz
34 verbose lock https://registry.npmjs.org/i5ting_toc/-/i5ting_toc-1.1.1.tgz /Users/lm/.npm/54b716c1--i5ting-toc-i5ting-toc-1-1-1-tgz.lock
35 verbose addRemoteTarball [ 'https://registry.npmjs.org/i5ting_toc/-/i5ting_toc-1.1.1.tgz',
35 verbose addRemoteTarball   '8894a174d9c38e9a9d78978d6cabeeff0b6cf92f' ]
36 info retry fetch attempt 1 at 16:57:20
37 verbose fetch to= /var/folders/2t/_6dp2ryx35bbs3wtbcn5vnsw0000gq/T/npm-3894-37V4lAg3/registry.npmjs.org/i5ting_toc/-/i5ting_toc-1.1.1.tgz
38 http GET https://registry.npmjs.org/i5ting_toc/-/i5ting_toc-1.1.1.tgz
39 http 200 https://registry.npmjs.org/i5ting_toc/-/i5ting_toc-1.1.1.tgz
40 silly lockFile 54b716c1--i5ting-toc-i5ting-toc-1-1-1-tgz https://registry.npmjs.org/i5ting_toc/-/i5ting_toc-1.1.1.tgz
41 silly lockFile 54b716c1--i5ting-toc-i5ting-toc-1-1-1-tgz https://registry.npmjs.org/i5ting_toc/-/i5ting_toc-1.1.1.tgz
42 silly lockFile d27a0c31-i5ting-toc-1-1-1 i5ting_toc@1.1.1
43 silly lockFile d27a0c31-i5ting-toc-1-1-1 i5ting_toc@1.1.1
44 silly lockFile 8a36a20c-i5ting-toc i5ting_toc@
45 silly lockFile 8a36a20c-i5ting-toc i5ting_toc@
46 silly resolved [ { name: 'i5ting_toc',
46 silly resolved     version: '1.1.1',
46 silly resolved     description: 'tocmd.npm:a npm wrapper of i5ting_ztree_toc',
46 silly resolved     keywords:
46 silly resolved      [ 'doc',
46 silly resolved        'markdown',
46 silly resolved        'md',
46 silly resolved        'toc',
46 silly resolved        'table of content',
46 silly resolved        'ztree',
46 silly resolved        'i5ting_ztree_toc',
46 silly resolved        'i5ting' ],
46 silly resolved     main: 'index.js',
46 silly resolved     scripts:
46 silly resolved      { start: 'npm publish .',
46 silly resolved        test: ' node bin/tocmd.js -f sample.md -v -o' },
46 silly resolved     preferGlobal: 'true',
46 silly resolved     bin: { i5ting_toc: 'bin/tocmd.js' },
46 silly resolved     repository: { type: 'git', url: 'https://github.com/i5ting/tocmd.npm.git' },
46 silly resolved     author: '',
46 silly resolved     license: 'ISC',
46 silly resolved     bugs: { url: 'https://github.com/i5ting/tocmd.npm/issues' },
46 silly resolved     dependencies:
46 silly resolved      { bufferhelper: '^0.2.0',
46 silly resolved        commander: '^2.5.0',
46 silly resolved        config: '^1.7.0',
46 silly resolved        handlebars: '^2.0.0',
46 silly resolved        marked: '^0.3.2',
46 silly resolved        'object-assign': '^1.0.0',
46 silly resolved        open: '0.0.5',
46 silly resolved        shelljs: '^0.3.0' },
46 silly resolved     devDependencies:
46 silly resolved      { 'gulp-livereload': '^2.1.1',
46 silly resolved        'gulp-watch': '^0.7.0',
46 silly resolved        mocha: '*' },
46 silly resolved     homepage: 'https://github.com/i5ting/tocmd.npm',
46 silly resolved     gitHead: 'cf22cf029a48ad01ad69cc172f9044c0c9863711',
46 silly resolved     _id: 'i5ting_toc@1.1.1',
46 silly resolved     _shasum: '8894a174d9c38e9a9d78978d6cabeeff0b6cf92f',
46 silly resolved     _from: 'i5ting_toc@',
46 silly resolved     _npmVersion: '1.4.23',
46 silly resolved     _npmUser: { name: 'i5ting', email: 'shiren1118@126.com' },
46 silly resolved     maintainers: [ [Object] ],
46 silly resolved     dist:
46 silly resolved      { shasum: '8894a174d9c38e9a9d78978d6cabeeff0b6cf92f',
46 silly resolved        tarball: 'http://registry.npmjs.org/i5ting_toc/-/i5ting_toc-1.1.1.tgz' },
46 silly resolved     directories: {},
46 silly resolved     _resolved: 'https://registry.npmjs.org/i5ting_toc/-/i5ting_toc-1.1.1.tgz' } ]
47 info install i5ting_toc@1.1.1 into /usr/local/lib
48 info installOne i5ting_toc@1.1.1
49 verbose lib/node_modules/i5ting_toc unbuild
50 verbose tar unpack /Users/lm/.npm/i5ting_toc/1.1.1/package.tgz
51 silly lockFile ed129038-ocal-lib-node-modules-i5ting-toc tar:///usr/local/lib/node_modules/i5ting_toc
52 verbose lock tar:///usr/local/lib/node_modules/i5ting_toc /Users/lm/.npm/ed129038-ocal-lib-node-modules-i5ting-toc.lock
53 silly lockFile abfba184-npm-i5ting-toc-1-1-1-package-tgz tar:///Users/lm/.npm/i5ting_toc/1.1.1/package.tgz
54 verbose lock tar:///Users/lm/.npm/i5ting_toc/1.1.1/package.tgz /Users/lm/.npm/abfba184-npm-i5ting-toc-1-1-1-package-tgz.lock
55 silly gunzTarPerm modes [ '755', '644' ]
56 error Error: EACCES, mkdir '/usr/local/lib/node_modules/i5ting_toc'
56 error  { [Error: EACCES, mkdir '/usr/local/lib/node_modules/i5ting_toc']
56 error   errno: 3,
56 error   code: 'EACCES',
56 error   path: '/usr/local/lib/node_modules/i5ting_toc',
56 error   fstream_type: 'Directory',
56 error   fstream_path: '/usr/local/lib/node_modules/i5ting_toc',
56 error   fstream_class: 'DirWriter',
56 error   fstream_stack:
56 error    [ '/usr/local/lib/node_modules/npm/node_modules/fstream/lib/dir-writer.js:36:23',
56 error      '/usr/local/lib/node_modules/npm/node_modules/mkdirp/index.js:46:53',
56 error      'Object.oncomplete (fs.js:107:15)' ] }
57 error Please try running this command again as root/Administrator.
58 error System Darwin 14.0.0
59 error command "node" "/usr/local/bin/npm" "install" "-g" "i5ting_toc"
60 error cwd /Users/lm/Documents/octopress
61 error node -v v0.10.33
62 error npm -v 1.4.28
63 error path /usr/local/lib/node_modules/i5ting_toc
64 error fstream_path /usr/local/lib/node_modules/i5ting_toc
65 error fstream_type Directory
66 error fstream_class DirWriter
67 error code EACCES
68 error errno 3
69 error stack Error: EACCES, mkdir '/usr/local/lib/node_modules/i5ting_toc'
70 error fstream_stack /usr/local/lib/node_modules/npm/node_modules/fstream/lib/dir-writer.js:36:23
70 error fstream_stack /usr/local/lib/node_modules/npm/node_modules/mkdirp/index.js:46:53
70 error fstream_stack Object.oncomplete (fs.js:107:15)
71 verbose exit [ 3, true ]
